f:\c#\visalglib-master\x64\debug\vc140.pdb
f:\c#\visalglib-master\x64\debug\inspector.obj
f:\c#\visalglib-master\x64\debug\findline.obj
f:\c#\visalglib-master\x64\debug\findcircle.obj
f:\c#\visalglib-master\x64\debug\cvmt.obj
f:\c#\visalglib-master\x64\debug\caliper.obj
f:\c#\visalglib-master\x64\debug\main.obj
f:\c#\visalglib-master\x64\debug\fixpoint.obj
f:\c#\visalglib-master\x64\debug\.netframework,version=v4.0.assemblyattributes.obj
f:\c#\visalglib-master\x64\debug\.netframework,version=v4.0.assemblyattributes.asm
f:\c#\visalglib-master\x64\debug\visalglib.exe
f:\c#\visalglib-master\x64\debug\visalglib.pdb
f:\c#\visalglib-master\x64\debug\visalglib.lib
f:\c#\visalglib-master\x64\debug\visalglib.exp
f:\c#\visalglib-master\x64\debug\visalglib.vcxprojresolveassemblyreference.cache
f:\c#\visalglib-master\x64\debug\visalglib.exe.metagen
f:\c#\visalglib-master\x64\debug\visalglib.tlog\cl.command.1.tlog
f:\c#\visalglib-master\x64\debug\visalglib.tlog\cl.read.1.tlog
f:\c#\visalglib-master\x64\debug\visalglib.tlog\cl.write.1.tlog
f:\c#\visalglib-master\x64\debug\visalglib.tlog\link.command.1.tlog
f:\c#\visalglib-master\x64\debug\visalglib.tlog\link.read.1.tlog
f:\c#\visalglib-master\x64\debug\visalglib.tlog\link.write.1.tlog
f:\c#\visalglib-master\x64\debug\visalglib.tlog\metagen.read.1.tlog
f:\c#\visalglib-master\x64\debug\visalglib.tlog\metagen.write.1.tlog
f:\c#\visalglib-master\x64\debug\visalglib.tlog\visalglib.write.1u.tlog
f:\c#\visalglib-master\x64\debug\visalglib.tlog\rsaenh.dll.bi
f:\c#\visalglib-master\x64\debug\visalglib.tlog\tzres.dll.bi
